Using pre-set license
Built from '2021.3/staging' branch; Version is '2021.3.40f1 (6fcab7dbbbc1) revision 7326391'; Using compiler version '192829333'; Build Type 'Release'
OS: 'Windows 11  (10.0.22631) 64bit CoreCountrySpecific' Language: 'zh' Physical Memory: 32087 MB
BatchMode: 1, IsHumanControllingUs: 0, StartBugReporterOnCrash: 0, Is64bit: 1, IsPro: 1

COMMAND LINE ARGUMENTS:
E:\Unity\UnityDetail\2021.3.40f1\Editor\Unity.exe
-adb2
-batchMode
-noUpm
-name
AssetImportWorker0
-projectPath
C:/Users/Ting/Documents/GitHub/2024DMTContest
-logFile
Logs/AssetImportWorker0.log
-srvPort
62885
Successfully changed project path to: C:/Users/Ting/Documents/GitHub/2024DMTContest
C:/Users/Ting/Documents/GitHub/2024DMTContest
[UnityMemory] Configuration Parameters - Can be set up in boot.config
    "memorysetup-bucket-allocator-granularity=16"
    "memorysetup-bucket-allocator-bucket-count=8"
    "memorysetup-bucket-allocator-block-size=33554432"
    "memorysetup-bucket-allocator-block-count=8"
    "memorysetup-main-allocator-block-size=16777216"
    "memorysetup-thread-allocator-block-size=16777216"
    "memorysetup-gfx-main-allocator-block-size=16777216"
    "memorysetup-gfx-thread-allocator-block-size=16777216"
    "memorysetup-cache-allocator-block-size=4194304"
    "memorysetup-typetree-allocator-block-size=2097152"
    "memorysetup-profiler-bucket-allocator-granularity=16"
    "memorysetup-profiler-bucket-allocator-bucket-count=8"
    "memorysetup-profiler-bucket-allocator-block-size=33554432"
    "memorysetup-profiler-bucket-allocator-block-count=8"
    "memorysetup-profiler-allocator-block-size=16777216"
    "memorysetup-profiler-editor-allocator-block-size=1048576"
    "memorysetup-temp-allocator-size-main=16777216"
    "memorysetup-job-temp-allocator-block-size=2097152"
    "memorysetup-job-temp-allocator-block-size-background=1048576"
    "memorysetup-job-temp-allocator-reduction-small-platforms=262144"
    "memorysetup-temp-allocator-size-background-worker=32768"
    "memorysetup-temp-allocator-size-job-worker=262144"
    "memorysetup-temp-allocator-size-preload-manager=33554432"
    "memorysetup-temp-allocator-size-nav-mesh-worker=65536"
    "memorysetup-temp-allocator-size-audio-worker=65536"
    "memorysetup-temp-allocator-size-cloud-worker=32768"
    "memorysetup-temp-allocator-size-gi-baking-worker=262144"
    "memorysetup-temp-allocator-size-gfx=262144"
Player connection [34496] Host "[IP] 10.163.21.14 [Port] 0 [Flags] 2 [Guid] 2383522342 [EditorId] 2383522342 [Version] 1048832 [Id] WindowsEditor(7,DESKTOP-5U8H499) [Debug] 1 [PackageName] WindowsEditor [ProjectName] Editor" joined multi-casting on [225.0.0.222:54997]...

Player connection [34496] Host "[IP] 10.163.21.14 [Port] 0 [Flags] 2 [Guid] 2383522342 [EditorId] 2383522342 [Version] 1048832 [Id] WindowsEditor(7,DESKTOP-5U8H499) [Debug] 1 [PackageName] WindowsEditor [ProjectName] Editor" joined alternative multi-casting on [225.0.0.222:34997]...

[Physics::Module] Initialized MultithreadedJobDispatcher with {0} workers.
Refreshing native plugins compatible for Editor in 37.45 ms, found 3 plugins.
Preloading 0 native plugins for Editor in 0.00 ms.
Initialize engine version: 2021.3.40f1 (6fcab7dbbbc1)
[Subsystems] Discovering subsystems at path E:/Unity/UnityDetail/2021.3.40f1/Editor/Data/Resources/UnitySubsystems
[Subsystems] Discovering subsystems at path C:/Users/Ting/Documents/GitHub/2024DMTContest/Assets
GfxDevice: creating device client; threaded=0; jobified=0
Direct3D:
    Version:  Direct3D 11.0 [level 11.1]
    Renderer: AMD Radeon RX 6650 XT (ID=0x73ef)
    Vendor:   ATI
    VRAM:     8146 MB
    Driver:   31.0.12027.7000
Initialize mono
Mono path[0] = 'E:/Unity/UnityDetail/2021.3.40f1/Editor/Data/Managed'
Mono path[1] = 'E:/Unity/UnityDetail/2021.3.40f1/Editor/Data/MonoBleedingEdge/lib/mono/unityjit-win32'
Mono config path = 'E:/Unity/UnityDetail/2021.3.40f1/Editor/Data/MonoBleedingEdge/etc'
Using monoOptions --debugger-agent=transport=dt_socket,embedding=1,server=y,suspend=n,address=127.0.0.1:56128
Begin MonoManager ReloadAssembly
Registering precompiled unity dll's ...
Register platform support module: E:/Unity/UnityDetail/2021.3.40f1/Editor/Data/PlaybackEngines/WindowsStandaloneSupport/UnityEditor.WindowsStandalone.Extensions.dll
Registered in 0.001309 seconds.
Native extension for WindowsStandalone target not found
Refreshing native plugins compatible for Editor in 35.11 ms, found 3 plugins.
Preloading 0 native plugins for Editor in 0.00 ms.
Mono: successfully reloaded assembly
- Completed reload, in  0.364 seconds
Domain Reload Profiling:
	ReloadAssembly (364ms)
		BeginReloadAssembly (70ms)
			ExecutionOrderSort (0ms)
			DisableScriptedObjects (0ms)
			BackupInstance (0ms)
			ReleaseScriptingObjects (0ms)
			CreateAndSetChildDomain (0ms)
		EndReloadAssembly (243ms)
			LoadAssemblies (69ms)
			RebuildTransferFunctionScriptingTraits (0ms)
			SetupTypeCache (65ms)
			ReleaseScriptCaches (0ms)
			RebuildScriptCaches (15ms)
			SetupLoadedEditorAssemblies (140ms)
				LogAssemblyErrors (0ms)
				InitializePlatformSupportModulesInManaged (4ms)
				SetLoadedEditorAssemblies (0ms)
				RefreshPlugins (35ms)
				BeforeProcessingInitializeOnLoad (1ms)
				ProcessInitializeOnLoadAttributes (74ms)
				ProcessInitializeOnLoadMethodAttributes (25ms)
				AfterProcessingInitializeOnLoad (0ms)
				EditorAssembliesLoaded (0ms)
			ExecutionOrderSort2 (0ms)
			AwakeInstancesAfterBackupRestoration (0ms)
Platform modules already initialized, skipping
Registering precompiled user dll's ...
Registered in 0.002037 seconds.
Begin MonoManager ReloadAssembly
Native extension for WindowsStandalone target not found
Refreshing native plugins compatible for Editor in 0.26 ms, found 3 plugins.
Preloading 0 native plugins for Editor in 0.00 ms.
Package Manager log level set to [2]
[Package Manager] Server::EnsureServerProcessIsRunning -- launch failed, reason: Unity was launched with the -noUpm command-line argument
[Package Manager] Cannot connect to Unity Package Manager local server
Mono: successfully reloaded assembly
- Completed reload, in  0.984 seconds
Domain Reload Profiling:
	ReloadAssembly (985ms)
		BeginReloadAssembly (77ms)
			ExecutionOrderSort (0ms)
			DisableScriptedObjects (3ms)
			BackupInstance (0ms)
			ReleaseScriptingObjects (0ms)
			CreateAndSetChildDomain (11ms)
		EndReloadAssembly (852ms)
			LoadAssemblies (58ms)
			RebuildTransferFunctionScriptingTraits (0ms)
			SetupTypeCache (127ms)
			ReleaseScriptCaches (0ms)
			RebuildScriptCaches (29ms)
			SetupLoadedEditorAssemblies (636ms)
				LogAssemblyErrors (0ms)
				InitializePlatformSupportModulesInManaged (2ms)
				SetLoadedEditorAssemblies (0ms)
				RefreshPlugins (0ms)
				BeforeProcessingInitializeOnLoad (35ms)
				ProcessInitializeOnLoadAttributes (581ms)
				ProcessInitializeOnLoadMethodAttributes (15ms)
				AfterProcessingInitializeOnLoad (2ms)
				EditorAssembliesLoaded (0ms)
			ExecutionOrderSort2 (0ms)
			AwakeInstancesAfterBackupRestoration (5ms)
Platform modules already initialized, skipping
========================================================================
Worker process is ready to serve import requests
Launched and connected shader compiler UnityShaderCompiler.exe after 0.03 seconds
Refreshing native plugins compatible for Editor in 0.98 ms, found 3 plugins.
Preloading 0 native plugins for Editor in 0.00 ms.
Unloading 3015 Unused Serialized files (Serialized files now loaded: 0)
Unloading 23 unused Assets / (46.5 KB). Loaded Objects now: 3473.
Memory consumption went from 109.9 MB to 109.9 MB.
Total: 1.977300 ms (FindLiveObjects: 0.134800 ms CreateObjectMapping: 0.039800 ms MarkObjects: 1.753600 ms  DeleteObjects: 0.047900 ms)

AssetImportParameters requested are different than current active one (requested -> active):
  custom:video-decoder-ogg-theora: a1e56fd34408186e4bbccfd4996cb3dc -> 
  custom:container-muxer-webm: aa71ff27fc2769a1b78a27578f13a17b -> 
  custom:container-demuxer-webm: 4f35f7cbe854078d1ac9338744f61a02 -> 
  custom:video-encoder-webm-vp8: eb34c28f22e8b96e1ab97ce403110664 -> 
  custom:video-codec-MediaFoundation-h265: 746d11721c4dcdbdad8f713fa42b33f4 -> 
  custom:CustomObjectIndexerAttribute: bc11b3a6c3213fcdd17b65e7da85e133 -> 
  custom:audio-encoder-webm-vorbis: bf7c407c2cedff20999df2af8eb42d56 -> 
  custom:framework-win-MediaFoundation: 216162199b28c13a410421893ffa2e32 -> 
  custom:SearchIndexIgnoredProperties: e643bd26f0fe6173181afceb89e7c659 -> 
  custom:container-demuxer-ogg: 62fdf1f143b41e24485cea50d1cbac27 -> 
  custom:video-decoder-webm-vp8: 9c59270c3fd7afecdb556c50c9e8de78 -> 
  custom:audio-decoder-ogg-vorbis: bf7c407c2cedff20999df2af8eb42d56 -> 
========================================================================
Received Import Request.
  Time since last request: 45485.208884 seconds.
  path: Assets/MainWind.prefab
  artifactKey: Guid(ed6e15c15adb51841a11056223c8d422) Importer(815301076,1909f56bfc062723c751e8b465ee728b)
Number of updated assets reloaded before import = 0
Start importing Assets/MainWind.prefab using Guid(ed6e15c15adb51841a11056223c8d422) Importer(815301076,1909f56bfc062723c751e8b465ee728b)  -> (artifact id: 'e45d578f18fd2dbe236a04ec02622992') in 0.075678 seconds 
Number of asset objects unloaded after import = 162
========================================================================
Received Import Request.
  Time since last request: 0.000016 seconds.
  path: Assets/BRLNSDB.TTF
  artifactKey: Guid(b3537d80d5fe1c647b9def5bd1240a6f) Importer(815301076,1909f56bfc062723c751e8b465ee728b)
Number of updated assets reloaded before import = 0
Start importing Assets/BRLNSDB.TTF using Guid(b3537d80d5fe1c647b9def5bd1240a6f) Importer(815301076,1909f56bfc062723c751e8b465ee728b)  -> (artifact id: 'ce65194ac4873b5e4a5cc9c81e58970d') in 0.083636 seconds 
Number of asset objects unloaded after import = 4
========================================================================
Received Import Request.
  Time since last request: 8.453051 seconds.
  path: Assets/Scenes/ANTQUABI.TTF
  artifactKey: Guid(aa88935eecb3deb46ac05fb84b1b0b73) Importer(815301076,1909f56bfc062723c751e8b465ee728b)
Number of updated assets reloaded before import = 0
Start importing Assets/Scenes/ANTQUABI.TTF using Guid(aa88935eecb3deb46ac05fb84b1b0b73) Importer(815301076,1909f56bfc062723c751e8b465ee728b)  -> (artifact id: 'c5a724e07bf65a5190debb412a67a4fe') in 0.012689 seconds 
Number of asset objects unloaded after import = 4
========================================================================
Received Import Request.
  Time since last request: 0.000015 seconds.
  path: Assets/Scenes/BKANT.TTF
  artifactKey: Guid(04378cf4b63e5aa4b98b3aaaf1ef7754) Importer(815301076,1909f56bfc062723c751e8b465ee728b)
Number of updated assets reloaded before import = 0
Start importing Assets/Scenes/BKANT.TTF using Guid(04378cf4b63e5aa4b98b3aaaf1ef7754) Importer(815301076,1909f56bfc062723c751e8b465ee728b)  -> (artifact id: '147e2c31eb56570d17749489e9688487') in 0.011684 seconds 
Number of asset objects unloaded after import = 4
========================================================================
Received Import Request.
  Time since last request: 0.000013 seconds.
  path: Assets/Scenes/图片23.png
  artifactKey: Guid(d02a6c9f9326ae64b9f099ecd1d20661) Importer(815301076,1909f56bfc062723c751e8b465ee728b)
Number of updated assets reloaded before import = 0
Start importing Assets/Scenes/图片23.png using Guid(d02a6c9f9326ae64b9f099ecd1d20661) Importer(815301076,1909f56bfc062723c751e8b465ee728b)  -> (artifact id: '68a75cf9f5816160fad0cc450bcaaf88') in 0.043306 seconds 
Number of asset objects unloaded after import = 3
========================================================================
Received Import Request.
  Time since last request: 0.000013 seconds.
  path: Assets/Scenes/字体add.asset
  artifactKey: Guid(cd47e2841fbd6544991acd9c77e1b3e3) Importer(815301076,1909f56bfc062723c751e8b465ee728b)
Number of updated assets reloaded before import = 0
Start importing Assets/Scenes/字体add.asset using Guid(cd47e2841fbd6544991acd9c77e1b3e3) Importer(815301076,1909f56bfc062723c751e8b465ee728b)  -> (artifact id: 'c4ae29ad4df6b5f69dbe224255a4d325') in 0.036821 seconds 
Number of asset objects unloaded after import = 6
========================================================================
Received Import Request.
  Time since last request: 17.343491 seconds.
  path: Assets/Resourses/Img/BOD_BI.TTF
  artifactKey: Guid(7e70f952bf89190448dc5f348146791c) Importer(815301076,1909f56bfc062723c751e8b465ee728b)
Number of updated assets reloaded before import = 0
Start importing Assets/Resourses/Img/BOD_BI.TTF using Guid(7e70f952bf89190448dc5f348146791c) Importer(815301076,1909f56bfc062723c751e8b465ee728b)  -> (artifact id: 'd8ec407ebd9971803b09e25f2681e495') in 0.019254 seconds 
Number of asset objects unloaded after import = 4
========================================================================
Received Import Request.
  Time since last request: 0.000011 seconds.
  path: Assets/Resourses/Img/BOD_CB.TTF
  artifactKey: Guid(e57bf38d1321a6c439577252fa2d4ed5) Importer(815301076,1909f56bfc062723c751e8b465ee728b)
Number of updated assets reloaded before import = 0
Start importing Assets/Resourses/Img/BOD_CB.TTF using Guid(e57bf38d1321a6c439577252fa2d4ed5) Importer(815301076,1909f56bfc062723c751e8b465ee728b)  -> (artifact id: '6a4e4e9ff34c321d130e4bc0c96e5b52') in 0.009719 seconds 
Number of asset objects unloaded after import = 4
========================================================================
Received Import Request.
  Time since last request: 0.000011 seconds.
  path: Assets/Resourses/Img/BOD_I.TTF
  artifactKey: Guid(9976eb563b8f3364abf9e41a821ed3dc) Importer(815301076,1909f56bfc062723c751e8b465ee728b)
Number of updated assets reloaded before import = 0
Start importing Assets/Resourses/Img/BOD_I.TTF using Guid(9976eb563b8f3364abf9e41a821ed3dc) Importer(815301076,1909f56bfc062723c751e8b465ee728b)  -> (artifact id: '8c0711bfd53910b9a2bb1d55d2d410b8') in 0.008701 seconds 
Number of asset objects unloaded after import = 4
========================================================================
Received Import Request.
  Time since last request: 0.000011 seconds.
  path: Assets/Resourses/Img/BRLNSB.TTF
  artifactKey: Guid(fec3ea76300cfd54d83cf28c6e1809e6) Importer(815301076,1909f56bfc062723c751e8b465ee728b)
Number of updated assets reloaded before import = 0
Start importing Assets/Resourses/Img/BRLNSB.TTF using Guid(fec3ea76300cfd54d83cf28c6e1809e6) Importer(815301076,1909f56bfc062723c751e8b465ee728b)  -> (artifact id: 'aeecc3100c38637e05e337677d01df27') in 0.006861 seconds 
Number of asset objects unloaded after import = 4
========================================================================
Received Import Request.
  Time since last request: 0.000012 seconds.
  path: Assets/Resourses/Img/BOD_R.TTF
  artifactKey: Guid(79dd6ac6a078c1c41ac33bb91fe296b4) Importer(815301076,1909f56bfc062723c751e8b465ee728b)
Number of updated assets reloaded before import = 0
Start importing Assets/Resourses/Img/BOD_R.TTF using Guid(79dd6ac6a078c1c41ac33bb91fe296b4) Importer(815301076,1909f56bfc062723c751e8b465ee728b)  -> (artifact id: 'acee68bcf1b3c809c614efceb63be7fd') in 0.009143 seconds 
Number of asset objects unloaded after import = 4
========================================================================
Received Import Request.
  Time since last request: 4.154331 seconds.
  path: Assets/Resourses/Img/UI/btn -2.jpg
  artifactKey: Guid(ddab60f1b3e233842b6104fda3d14888) Importer(815301076,1909f56bfc062723c751e8b465ee728b)
Number of updated assets reloaded before import = 0
Start importing Assets/Resourses/Img/UI/btn -2.jpg using Guid(ddab60f1b3e233842b6104fda3d14888) Importer(815301076,1909f56bfc062723c751e8b465ee728b)  -> (artifact id: 'e794dca62449f2c4ee38d3eae99360c7') in 0.038183 seconds 
Number of asset objects unloaded after import = 3
========================================================================
Received Import Request.
  Time since last request: 0.000012 seconds.
  path: Assets/Resourses/Img/UI/人1.png
  artifactKey: Guid(93c9934fcc75f974ca40daf7471ec75c) Importer(815301076,1909f56bfc062723c751e8b465ee728b)
Number of updated assets reloaded before import = 0
Start importing Assets/Resourses/Img/UI/人1.png using Guid(93c9934fcc75f974ca40daf7471ec75c) Importer(815301076,1909f56bfc062723c751e8b465ee728b)  -> (artifact id: '1f8ead1a9a34328d27415fff75839e35') in 0.013928 seconds 
Number of asset objects unloaded after import = 3
========================================================================
Received Import Request.
  Time since last request: 0.000011 seconds.
  path: Assets/Resourses/Img/UI/btn -6.jpg
  artifactKey: Guid(8ed620b8afa8e554384ac9356180f57e) Importer(815301076,1909f56bfc062723c751e8b465ee728b)
Number of updated assets reloaded before import = 0
Start importing Assets/Resourses/Img/UI/btn -6.jpg using Guid(8ed620b8afa8e554384ac9356180f57e) Importer(815301076,1909f56bfc062723c751e8b465ee728b)  -> (artifact id: '781b6eead8d6c78238dd478eeee1e52f') in 0.009357 seconds 
Number of asset objects unloaded after import = 3
========================================================================
Received Import Request.
  Time since last request: 0.000014 seconds.
  path: Assets/Resourses/Img/UI/问号.jpg
  artifactKey: Guid(764be470be6e7fa46ae9c126a0825d6b) Importer(815301076,1909f56bfc062723c751e8b465ee728b)
Number of updated assets reloaded before import = 0
Start importing Assets/Resourses/Img/UI/问号.jpg using Guid(764be470be6e7fa46ae9c126a0825d6b) Importer(815301076,1909f56bfc062723c751e8b465ee728b)  -> (artifact id: 'bd3b86904f8c2aaeffc8cf986c73536a') in 0.010512 seconds 
Number of asset objects unloaded after import = 3
========================================================================
Received Import Request.
  Time since last request: 0.000012 seconds.
  path: Assets/Resourses/Img/UI/character 2.jpg
  artifactKey: Guid(ff3c61d9f46f03a45ba81e12b0e2ec96) Importer(815301076,1909f56bfc062723c751e8b465ee728b)
Number of updated assets reloaded before import = 0
Start importing Assets/Resourses/Img/UI/character 2.jpg using Guid(ff3c61d9f46f03a45ba81e12b0e2ec96) Importer(815301076,1909f56bfc062723c751e8b465ee728b)  -> (artifact id: 'e10d41f30e35f526f7bcfe8dadc253c4') in 0.013849 seconds 
Number of asset objects unloaded after import = 3
========================================================================
Received Import Request.
  Time since last request: 0.000017 seconds.
  path: Assets/Resourses/Img/UI/图片19.png
  artifactKey: Guid(ef771e89c7430354e821729efc7dc557) Importer(815301076,1909f56bfc062723c751e8b465ee728b)
Number of updated assets reloaded before import = 0
Start importing Assets/Resourses/Img/UI/图片19.png using Guid(ef771e89c7430354e821729efc7dc557) Importer(815301076,1909f56bfc062723c751e8b465ee728b)  -> (artifact id: '1de403a11ecceb836a92070597196d22') in 0.010558 seconds 
Number of asset objects unloaded after import = 3
========================================================================
Received Import Request.
  Time since last request: 0.000012 seconds.
  path: Assets/Resourses/Img/UI/题目.png
  artifactKey: Guid(6b508858899be3845bf73949e62ffece) Importer(815301076,1909f56bfc062723c751e8b465ee728b)
Number of updated assets reloaded before import = 0
Start importing Assets/Resourses/Img/UI/题目.png using Guid(6b508858899be3845bf73949e62ffece) Importer(815301076,1909f56bfc062723c751e8b465ee728b)  -> (artifact id: '96bf2ad1d3674db1367687c5318263e4') in 0.031761 seconds 
Number of asset objects unloaded after import = 3
========================================================================
Received Import Request.
  Time since last request: 0.000011 seconds.
  path: Assets/Resourses/Img/UI/倒计时.png
  artifactKey: Guid(aa68e6e70bd4b6b4aab5986be41fd899) Importer(815301076,1909f56bfc062723c751e8b465ee728b)
Number of updated assets reloaded before import = 0
Start importing Assets/Resourses/Img/UI/倒计时.png using Guid(aa68e6e70bd4b6b4aab5986be41fd899) Importer(815301076,1909f56bfc062723c751e8b465ee728b)  -> (artifact id: 'afd801937ae9990304108ba138156efd') in 0.009495 seconds 
Number of asset objects unloaded after import = 3
========================================================================
Received Import Request.
  Time since last request: 0.000018 seconds.
  path: Assets/Resourses/Img/UI/图片3.png
  artifactKey: Guid(ff855a03330e9d841882ed01aea168bf) Importer(815301076,1909f56bfc062723c751e8b465ee728b)
Number of updated assets reloaded before import = 0
Start importing Assets/Resourses/Img/UI/图片3.png using Guid(ff855a03330e9d841882ed01aea168bf) Importer(815301076,1909f56bfc062723c751e8b465ee728b)  -> (artifact id: '94c2087a05f88c2b394b34f0bac7e744') in 0.007475 seconds 
Number of asset objects unloaded after import = 3
========================================================================
Received Import Request.
  Time since last request: 0.000012 seconds.
  path: Assets/Resourses/Img/UI/小男孩.png
  artifactKey: Guid(8c1c2a289f54b304b934fe39838b7e23) Importer(815301076,1909f56bfc062723c751e8b465ee728b)
Number of updated assets reloaded before import = 0
Start importing Assets/Resourses/Img/UI/小男孩.png using Guid(8c1c2a289f54b304b934fe39838b7e23) Importer(815301076,1909f56bfc062723c751e8b465ee728b)  -> (artifact id: '5dd1cb5bce8c94351fb83354400e972f') in 0.023045 seconds 
Number of asset objects unloaded after import = 3
========================================================================
Received Import Request.
  Time since last request: 0.000012 seconds.
  path: Assets/Resourses/Img/UI/设定照片.png
  artifactKey: Guid(13a6e10f689d1ca4aab22f6fb9928736) Importer(815301076,1909f56bfc062723c751e8b465ee728b)
Number of updated assets reloaded before import = 0
Start importing Assets/Resourses/Img/UI/设定照片.png using Guid(13a6e10f689d1ca4aab22f6fb9928736) Importer(815301076,1909f56bfc062723c751e8b465ee728b)  -> (artifact id: '3d09549bb9368bf333b25630a209c38d') in 0.017536 seconds 
Number of asset objects unloaded after import = 3
========================================================================
Received Import Request.
  Time since last request: 0.000011 seconds.
  path: Assets/Resourses/Img/UI/首页 1.png
  artifactKey: Guid(0f978af0fb92f164ab1966d12c7d6471) Importer(815301076,1909f56bfc062723c751e8b465ee728b)
Number of updated assets reloaded before import = 0
Start importing Assets/Resourses/Img/UI/首页 1.png using Guid(0f978af0fb92f164ab1966d12c7d6471) Importer(815301076,1909f56bfc062723c751e8b465ee728b)  -> (artifact id: 'c2e56ccdce515974227bb51a1253e0c0') in 0.105836 seconds 
Number of asset objects unloaded after import = 3
========================================================================
Received Import Request.
  Time since last request: 0.000015 seconds.
  path: Assets/Resourses/Img/UI/称号照片.png
  artifactKey: Guid(97e7efa87cf460046aa5a8672533e3a6) Importer(815301076,1909f56bfc062723c751e8b465ee728b)
Number of updated assets reloaded before import = 0
Start importing Assets/Resourses/Img/UI/称号照片.png using Guid(97e7efa87cf460046aa5a8672533e3a6) Importer(815301076,1909f56bfc062723c751e8b465ee728b)  -> (artifact id: '66357724501ef16ab3457ea08c52568f') in 0.010995 seconds 
Number of asset objects unloaded after import = 3
========================================================================
Received Import Request.
  Time since last request: 0.000011 seconds.
  path: Assets/Resourses/Img/UI/btn -5.jpg
  artifactKey: Guid(33dc6faaa7f82fb4795f02c117a4cc3e) Importer(815301076,1909f56bfc062723c751e8b465ee728b)
Number of updated assets reloaded before import = 0
Start importing Assets/Resourses/Img/UI/btn -5.jpg using Guid(33dc6faaa7f82fb4795f02c117a4cc3e) Importer(815301076,1909f56bfc062723c751e8b465ee728b)  -> (artifact id: 'dbafd8fd5788a3589d1fc1a839f24c17') in 0.009915 seconds 
Number of asset objects unloaded after import = 3
========================================================================
Received Import Request.
  Time since last request: 0.000013 seconds.
  path: Assets/Resourses/Img/UI/btn bg.jpg
  artifactKey: Guid(ae1a533552a5c5e4fb50c998a5c2a1ef) Importer(815301076,1909f56bfc062723c751e8b465ee728b)
Number of updated assets reloaded before import = 0
Start importing Assets/Resourses/Img/UI/btn bg.jpg using Guid(ae1a533552a5c5e4fb50c998a5c2a1ef) Importer(815301076,1909f56bfc062723c751e8b465ee728b)  -> (artifact id: '0ae056ec01df8a7c6c1c1ccd8d21ccba') in 0.009824 seconds 
Number of asset objects unloaded after import = 3
Editor requested this worker to shutdown with reason: Scaling down because of idle timeout
AssetImportWorker is now disconnected from the server
Process exiting
Exiting without the bug reporter. Application will terminate with return code 0