Using pre-set license
Built from '2021.3/staging' branch; Version is '2021.3.40f1 (6fcab7dbbbc1) revision 7326391'; Using compiler version '192829333'; Build Type 'Release'
OS: 'Windows 11  (10.0.22631) 64bit CoreCountrySpecific' Language: 'zh' Physical Memory: 32087 MB
BatchMode: 1, IsHumanControllingUs: 0, StartBugReporterOnCrash: 0, Is64bit: 1, IsPro: 1

COMMAND LINE ARGUMENTS:
E:\Unity\UnityDetail\2021.3.40f1\Editor\Unity.exe
-adb2
-batchMode
-noUpm
-name
AssetImportWorker3
-projectPath
C:/Users/Ting/Documents/GitHub/2024DMTContest
-logFile
Logs/AssetImportWorker3.log
-srvPort
62885
Successfully changed project path to: C:/Users/Ting/Documents/GitHub/2024DMTContest
C:/Users/Ting/Documents/GitHub/2024DMTContest
[UnityMemory] Configuration Parameters - Can be set up in boot.config
    "memorysetup-bucket-allocator-granularity=16"
    "memorysetup-bucket-allocator-bucket-count=8"
    "memorysetup-bucket-allocator-block-size=33554432"
    "memorysetup-bucket-allocator-block-count=8"
    "memorysetup-main-allocator-block-size=16777216"
    "memorysetup-thread-allocator-block-size=16777216"
    "memorysetup-gfx-main-allocator-block-size=16777216"
    "memorysetup-gfx-thread-allocator-block-size=16777216"
    "memorysetup-cache-allocator-block-size=4194304"
    "memorysetup-typetree-allocator-block-size=2097152"
    "memorysetup-profiler-bucket-allocator-granularity=16"
    "memorysetup-profiler-bucket-allocator-bucket-count=8"
    "memorysetup-profiler-bucket-allocator-block-size=33554432"
    "memorysetup-profiler-bucket-allocator-block-count=8"
    "memorysetup-profiler-allocator-block-size=16777216"
    "memorysetup-profiler-editor-allocator-block-size=1048576"
    "memorysetup-temp-allocator-size-main=16777216"
    "memorysetup-job-temp-allocator-block-size=2097152"
    "memorysetup-job-temp-allocator-block-size-background=1048576"
    "memorysetup-job-temp-allocator-reduction-small-platforms=262144"
    "memorysetup-temp-allocator-size-background-worker=32768"
    "memorysetup-temp-allocator-size-job-worker=262144"
    "memorysetup-temp-allocator-size-preload-manager=33554432"
    "memorysetup-temp-allocator-size-nav-mesh-worker=65536"
    "memorysetup-temp-allocator-size-audio-worker=65536"
    "memorysetup-temp-allocator-size-cloud-worker=32768"
    "memorysetup-temp-allocator-size-gi-baking-worker=262144"
    "memorysetup-temp-allocator-size-gfx=262144"
Player connection [28620] Host "[IP] 10.163.21.14 [Port] 0 [Flags] 2 [Guid] 1952696190 [EditorId] 1952696190 [Version] 1048832 [Id] WindowsEditor(7,DESKTOP-5U8H499) [Debug] 1 [PackageName] WindowsEditor [ProjectName] Editor" joined multi-casting on [225.0.0.222:54997]...

Player connection [28620] Host "[IP] 10.163.21.14 [Port] 0 [Flags] 2 [Guid] 1952696190 [EditorId] 1952696190 [Version] 1048832 [Id] WindowsEditor(7,DESKTOP-5U8H499) [Debug] 1 [PackageName] WindowsEditor [ProjectName] Editor" joined alternative multi-casting on [225.0.0.222:34997]...

[Physics::Module] Initialized MultithreadedJobDispatcher with {0} workers.
Refreshing native plugins compatible for Editor in 32.93 ms, found 3 plugins.
Preloading 0 native plugins for Editor in 0.00 ms.
Initialize engine version: 2021.3.40f1 (6fcab7dbbbc1)
[Subsystems] Discovering subsystems at path E:/Unity/UnityDetail/2021.3.40f1/Editor/Data/Resources/UnitySubsystems
[Subsystems] Discovering subsystems at path C:/Users/Ting/Documents/GitHub/2024DMTContest/Assets
GfxDevice: creating device client; threaded=0; jobified=0
Direct3D:
    Version:  Direct3D 11.0 [level 11.1]
    Renderer: AMD Radeon RX 6650 XT (ID=0x73ef)
    Vendor:   ATI
    VRAM:     8146 MB
    Driver:   31.0.12027.7000
Initialize mono
Mono path[0] = 'E:/Unity/UnityDetail/2021.3.40f1/Editor/Data/Managed'
Mono path[1] = 'E:/Unity/UnityDetail/2021.3.40f1/Editor/Data/MonoBleedingEdge/lib/mono/unityjit-win32'
Mono config path = 'E:/Unity/UnityDetail/2021.3.40f1/Editor/Data/MonoBleedingEdge/etc'
Using monoOptions --debugger-agent=transport=dt_socket,embedding=1,server=y,suspend=n,address=127.0.0.1:56396
Begin MonoManager ReloadAssembly
Registering precompiled unity dll's ...
Register platform support module: E:/Unity/UnityDetail/2021.3.40f1/Editor/Data/PlaybackEngines/WindowsStandaloneSupport/UnityEditor.WindowsStandalone.Extensions.dll
Registered in 0.001042 seconds.
Native extension for WindowsStandalone target not found
Refreshing native plugins compatible for Editor in 34.41 ms, found 3 plugins.
Preloading 0 native plugins for Editor in 0.00 ms.
Mono: successfully reloaded assembly
- Completed reload, in  0.330 seconds
Domain Reload Profiling:
	ReloadAssembly (331ms)
		BeginReloadAssembly (55ms)
			ExecutionOrderSort (0ms)
			DisableScriptedObjects (0ms)
			BackupInstance (0ms)
			ReleaseScriptingObjects (0ms)
			CreateAndSetChildDomain (0ms)
		EndReloadAssembly (229ms)
			LoadAssemblies (54ms)
			RebuildTransferFunctionScriptingTraits (0ms)
			SetupTypeCache (55ms)
			ReleaseScriptCaches (0ms)
			RebuildScriptCaches (14ms)
			SetupLoadedEditorAssemblies (139ms)
				LogAssemblyErrors (0ms)
				InitializePlatformSupportModulesInManaged (4ms)
				SetLoadedEditorAssemblies (0ms)
				RefreshPlugins (34ms)
				BeforeProcessingInitializeOnLoad (1ms)
				ProcessInitializeOnLoadAttributes (73ms)
				ProcessInitializeOnLoadMethodAttributes (26ms)
				AfterProcessingInitializeOnLoad (0ms)
				EditorAssembliesLoaded (0ms)
			ExecutionOrderSort2 (0ms)
			AwakeInstancesAfterBackupRestoration (0ms)
Platform modules already initialized, skipping
Registering precompiled user dll's ...
Registered in 0.002008 seconds.
Begin MonoManager ReloadAssembly
Native extension for WindowsStandalone target not found
Refreshing native plugins compatible for Editor in 0.30 ms, found 3 plugins.
Preloading 0 native plugins for Editor in 0.00 ms.
Package Manager log level set to [2]
[Package Manager] Server::EnsureServerProcessIsRunning -- launch failed, reason: Unity was launched with the -noUpm command-line argument
[Package Manager] Cannot connect to Unity Package Manager local server
Mono: successfully reloaded assembly
- Completed reload, in  0.935 seconds
Domain Reload Profiling:
	ReloadAssembly (936ms)
		BeginReloadAssembly (75ms)
			ExecutionOrderSort (0ms)
			DisableScriptedObjects (3ms)
			BackupInstance (0ms)
			ReleaseScriptingObjects (0ms)
			CreateAndSetChildDomain (10ms)
		EndReloadAssembly (808ms)
			LoadAssemblies (54ms)
			RebuildTransferFunctionScriptingTraits (0ms)
			SetupTypeCache (113ms)
			ReleaseScriptCaches (0ms)
			RebuildScriptCaches (24ms)
			SetupLoadedEditorAssemblies (618ms)
				LogAssemblyErrors (0ms)
				InitializePlatformSupportModulesInManaged (2ms)
				SetLoadedEditorAssemblies (0ms)
				RefreshPlugins (0ms)
				BeforeProcessingInitializeOnLoad (33ms)
				ProcessInitializeOnLoadAttributes (570ms)
				ProcessInitializeOnLoadMethodAttributes (11ms)
				AfterProcessingInitializeOnLoad (1ms)
				EditorAssembliesLoaded (0ms)
			ExecutionOrderSort2 (0ms)
			AwakeInstancesAfterBackupRestoration (3ms)
Platform modules already initialized, skipping
========================================================================
Worker process is ready to serve import requests
Launched and connected shader compiler UnityShaderCompiler.exe after 0.02 seconds
Refreshing native plugins compatible for Editor in 0.46 ms, found 3 plugins.
Preloading 0 native plugins for Editor in 0.00 ms.
Unloading 3015 Unused Serialized files (Serialized files now loaded: 0)
Unloading 23 unused Assets / (46.7 KB). Loaded Objects now: 3473.
Memory consumption went from 109.9 MB to 109.9 MB.
Total: 1.895700 ms (FindLiveObjects: 0.131700 ms CreateObjectMapping: 0.049100 ms MarkObjects: 1.667900 ms  DeleteObjects: 0.046000 ms)

AssetImportParameters requested are different than current active one (requested -> active):
  custom:video-decoder-ogg-theora: a1e56fd34408186e4bbccfd4996cb3dc -> 
  custom:container-muxer-webm: aa71ff27fc2769a1b78a27578f13a17b -> 
  custom:container-demuxer-webm: 4f35f7cbe854078d1ac9338744f61a02 -> 
  custom:video-encoder-webm-vp8: eb34c28f22e8b96e1ab97ce403110664 -> 
  custom:video-codec-MediaFoundation-h265: 746d11721c4dcdbdad8f713fa42b33f4 -> 
  custom:CustomObjectIndexerAttribute: bc11b3a6c3213fcdd17b65e7da85e133 -> 
  custom:audio-encoder-webm-vorbis: bf7c407c2cedff20999df2af8eb42d56 -> 
  custom:framework-win-MediaFoundation: 216162199b28c13a410421893ffa2e32 -> 
  custom:SearchIndexIgnoredProperties: e643bd26f0fe6173181afceb89e7c659 -> 
  custom:container-demuxer-ogg: 62fdf1f143b41e24485cea50d1cbac27 -> 
  custom:video-decoder-webm-vp8: 9c59270c3fd7afecdb556c50c9e8de78 -> 
  custom:audio-decoder-ogg-vorbis: bf7c407c2cedff20999df2af8eb42d56 -> 
========================================================================
Received Import Request.
  Time since last request: 45511.277422 seconds.
  path: Assets/Resourses/Img/BOD_BLAR.TTF
  artifactKey: Guid(96b0da212456a6a46aea3df1486e0dc0) Importer(815301076,1909f56bfc062723c751e8b465ee728b)
Number of updated assets reloaded before import = 0
Start importing Assets/Resourses/Img/BOD_BLAR.TTF using Guid(96b0da212456a6a46aea3df1486e0dc0) Importer(815301076,1909f56bfc062723c751e8b465ee728b)  -> (artifact id: '65d959d8eb9469aa146a7b718d39a5bb') in 0.102905 seconds 
Number of asset objects unloaded after import = 4
========================================================================
Received Import Request.
  Time since last request: 4.108040 seconds.
  path: Assets/Resourses/Img/UI/btn -4.jpg
  artifactKey: Guid(08d1c407ee787154d84861e462145719) Importer(815301076,1909f56bfc062723c751e8b465ee728b)
Number of updated assets reloaded before import = 0
Start importing Assets/Resourses/Img/UI/btn -4.jpg using Guid(08d1c407ee787154d84861e462145719) Importer(815301076,1909f56bfc062723c751e8b465ee728b)  -> (artifact id: '6739580e5c128d2107d6f810bd481492') in 0.041243 seconds 
Number of asset objects unloaded after import = 3
========================================================================
Received Import Request.
  Time since last request: 0.000012 seconds.
  path: Assets/Resourses/Img/UI/图片10.png
  artifactKey: Guid(bc4e06150d8f9c64f9eab017deb0202e) Importer(815301076,1909f56bfc062723c751e8b465ee728b)
Number of updated assets reloaded before import = 0
Start importing Assets/Resourses/Img/UI/图片10.png using Guid(bc4e06150d8f9c64f9eab017deb0202e) Importer(815301076,1909f56bfc062723c751e8b465ee728b)  -> (artifact id: '0adfda03579db45a204d020a6ebf4062') in 0.019089 seconds 
Number of asset objects unloaded after import = 3
========================================================================
Received Import Request.
  Time since last request: 0.000013 seconds.
  path: Assets/Resourses/Img/UI/几何.jpg
  artifactKey: Guid(3c5390f9e33c34543837d15d2e5f5723) Importer(815301076,1909f56bfc062723c751e8b465ee728b)
Number of updated assets reloaded before import = 0
Start importing Assets/Resourses/Img/UI/几何.jpg using Guid(3c5390f9e33c34543837d15d2e5f5723) Importer(815301076,1909f56bfc062723c751e8b465ee728b)  -> (artifact id: '5b92f28cd35c1fa5fcb5d2abc1294e9e') in 0.010203 seconds 
Number of asset objects unloaded after import = 3
========================================================================
Received Import Request.
  Time since last request: 0.000010 seconds.
  path: Assets/Resourses/Img/UI/次次页面.png
  artifactKey: Guid(c6bfb182e556f5d42b824dc03e30fa41) Importer(815301076,1909f56bfc062723c751e8b465ee728b)
Number of updated assets reloaded before import = 0
Start importing Assets/Resourses/Img/UI/次次页面.png using Guid(c6bfb182e556f5d42b824dc03e30fa41) Importer(815301076,1909f56bfc062723c751e8b465ee728b)  -> (artifact id: '08c5d641bd2c190011c2f8344087fd9d') in 0.092759 seconds 
Number of asset objects unloaded after import = 3
========================================================================
Received Import Request.
  Time since last request: 0.000012 seconds.
  path: Assets/Resourses/Img/UI/资源 4按钮.png
  artifactKey: Guid(fea75ea430b264447bac4bcf8ce27124) Importer(815301076,1909f56bfc062723c751e8b465ee728b)
Number of updated assets reloaded before import = 0
Start importing Assets/Resourses/Img/UI/资源 4按钮.png using Guid(fea75ea430b264447bac4bcf8ce27124) Importer(815301076,1909f56bfc062723c751e8b465ee728b)  -> (artifact id: '337c7b3f93901b1bf239d92bbe832888') in 0.008583 seconds 
Number of asset objects unloaded after import = 3
========================================================================
Received Import Request.
  Time since last request: 0.000018 seconds.
  path: Assets/Resourses/Img/UI/分析.jpg
  artifactKey: Guid(f5dc4c8950656a843ad6a16adee9a652) Importer(815301076,1909f56bfc062723c751e8b465ee728b)
Number of updated assets reloaded before import = 0
Start importing Assets/Resourses/Img/UI/分析.jpg using Guid(f5dc4c8950656a843ad6a16adee9a652) Importer(815301076,1909f56bfc062723c751e8b465ee728b)  -> (artifact id: '281b7bcabebbc80eb3a661176271dd60') in 0.009590 seconds 
Number of asset objects unloaded after import = 3
========================================================================
Received Import Request.
  Time since last request: 0.000015 seconds.
  path: Assets/Resourses/Img/UI/图片16.png
  artifactKey: Guid(3e2c4889d1c7f454eb0197b339e59b48) Importer(815301076,1909f56bfc062723c751e8b465ee728b)
Number of updated assets reloaded before import = 0
Start importing Assets/Resourses/Img/UI/图片16.png using Guid(3e2c4889d1c7f454eb0197b339e59b48) Importer(815301076,1909f56bfc062723c751e8b465ee728b)  -> (artifact id: '9a3abe6dc63b1a0f5c0bc1e3d0e813e7') in 0.009028 seconds 
Number of asset objects unloaded after import = 3
========================================================================
Received Import Request.
  Time since last request: 0.000013 seconds.
  path: Assets/Resourses/Img/UI/图片11.png
  artifactKey: Guid(7c5212e9671cc8d4aad6008e19541328) Importer(815301076,1909f56bfc062723c751e8b465ee728b)
Number of updated assets reloaded before import = 0
Start importing Assets/Resourses/Img/UI/图片11.png using Guid(7c5212e9671cc8d4aad6008e19541328) Importer(815301076,1909f56bfc062723c751e8b465ee728b)  -> (artifact id: '9fd575669d29369cab85805dcfbdf7d4') in 0.022231 seconds 
Number of asset objects unloaded after import = 3
========================================================================
Received Import Request.
  Time since last request: 0.000013 seconds.
  path: Assets/Resourses/Img/UI/闪电.png
  artifactKey: Guid(44a02818a588f984da892a90ee15ea0b) Importer(815301076,1909f56bfc062723c751e8b465ee728b)
Number of updated assets reloaded before import = 0
Start importing Assets/Resourses/Img/UI/闪电.png using Guid(44a02818a588f984da892a90ee15ea0b) Importer(815301076,1909f56bfc062723c751e8b465ee728b)  -> (artifact id: '512a2a761c31628fcee0b25210b0cfcb') in 0.017784 seconds 
Number of asset objects unloaded after import = 3
========================================================================
Received Import Request.
  Time since last request: 0.000011 seconds.
  path: Assets/Resourses/Img/UI/图片9.png
  artifactKey: Guid(83252f6e1c89d3946af7f87e1e119d6b) Importer(815301076,1909f56bfc062723c751e8b465ee728b)
Number of updated assets reloaded before import = 0
Start importing Assets/Resourses/Img/UI/图片9.png using Guid(83252f6e1c89d3946af7f87e1e119d6b) Importer(815301076,1909f56bfc062723c751e8b465ee728b)  -> (artifact id: '81988f9f2ed67a36d1680e24448d7566') in 0.054384 seconds 
Number of asset objects unloaded after import = 3
========================================================================
Received Import Request.
  Time since last request: 0.000012 seconds.
  path: Assets/Resourses/Img/UI/主页面 1.png
  artifactKey: Guid(eaf0da8175b08f748b1cfedaa566db8c) Importer(815301076,1909f56bfc062723c751e8b465ee728b)
Number of updated assets reloaded before import = 0
Start importing Assets/Resourses/Img/UI/主页面 1.png using Guid(eaf0da8175b08f748b1cfedaa566db8c) Importer(815301076,1909f56bfc062723c751e8b465ee728b)  -> (artifact id: '8bce78a4fd71283a08f7310d5a4474ce') in 0.078544 seconds 
Number of asset objects unloaded after import = 3
